<?xml version="1.0" encoding="UTF-8"?>
<coverage generated="1618541366415" clover="3.2.0">
  <project timestamp="1618541366415" name="All files">
    <metrics statements="35" coveredstatements="0" conditionals="10" coveredconditionals="0" methods="11" coveredmethods="0" elements="56" coveredelements="0" complexity="0" loc="35" ncloc="35" packages="3" files="5" classes="5"/>
    <package name="Calorie-Calculator">
      <metrics statements="16" coveredstatements="0" conditionals="2" coveredconditionals="0" methods="2" coveredmethods="0"/>
      <file name="App.js" path="C:\Users\R\Documents\ProjectGit\Calorie-Calculator\App.js">
        <metrics statements="16" coveredstatements="0" conditionals="2" coveredconditionals="0" methods="2" coveredmethods="0"/>
        <line num="10" count="0" type="stmt"/>
        <line num="11" count="0" type="stmt"/>
        <line num="12" count="0" type="stmt"/>
        <line num="13" count="0" type="stmt"/>
        <line num="14" count="0" type="stmt"/>
        <line num="15" count="0" type="stmt"/>
        <line num="21" count="0" type="stmt"/>
        <line num="23" count="0" type="cond" truecount="0" falsecount="2"/>
        <line num="24" count="0" type="stmt"/>
        <line num="26" count="0" type="stmt"/>
        <line num="28" count="0" type="stmt"/>
        <line num="29" count="0" type="stmt"/>
        <line num="30" count="0" type="stmt"/>
        <line num="31" count="0" type="stmt"/>
        <line num="38" count="0" type="stmt"/>
        <line num="49" count="0" type="stmt"/>
      </file>
    </package>
    <package name="Calorie-Calculator.app.src.components">
      <metrics statements="19" coveredstatements="0" conditionals="8" coveredconditionals="0" methods="9" coveredmethods="0"/>
      <file name="Footer.js" path="C:\Users\R\Documents\ProjectGit\Calorie-Calculator\app\src\components\Footer.js">
        <metrics statements="3" coveredstatements="0" conditionals="0" coveredconditionals="0" methods="1" coveredmethods="0"/>
        <line num="6" count="0" type="stmt"/>
        <line num="7" count="0" type="stmt"/>
        <line num="16" count="0" type="stmt"/>
      </file>
      <file name="Form.js" path="C:\Users\R\Documents\ProjectGit\Calorie-Calculator\app\src\components\Form.js">
        <metrics statements="11" coveredstatements="0" conditionals="0" coveredconditionals="0" methods="6" coveredmethods="0"/>
        <line num="9" count="0" type="stmt"/>
        <line num="10" count="0" type="stmt"/>
        <line num="11" count="0" type="stmt"/>
        <line num="19" count="0" type="stmt"/>
        <line num="28" count="0" type="stmt"/>
        <line num="52" count="0" type="stmt"/>
        <line num="59" count="0" type="stmt"/>
        <line num="66" count="0" type="stmt"/>
        <line num="71" count="0" type="stmt"/>
        <line num="87" count="0" type="stmt"/>
        <line num="125" count="0" type="stmt"/>
      </file>
      <file name="Result.js" path="C:\Users\R\Documents\ProjectGit\Calorie-Calculator\app\src\components\Result.js">
        <metrics statements="5" coveredstatements="0" conditionals="8" coveredconditionals="0" methods="2" coveredmethods="0"/>
        <line num="4" count="0" type="stmt"/>
        <line num="5" count="0" type="stmt"/>
        <line num="9" count="0" type="stmt"/>
        <line num="10" count="0" type="stmt"/>
        <line num="37" count="0" type="stmt"/>
      </file>
    </package>
    <package name="Calorie-Calculator.app.src.utils">
      <metrics statements="0" coveredstatements="0" conditionals="0" coveredconditionals="0" methods="0" coveredmethods="0"/>
      <file name="colors.js" path="C:\Users\R\Documents\ProjectGit\Calorie-Calculator\app\src\utils\colors.js">
        <metrics statements="0" coveredstatements="0" conditionals="0" coveredconditionals="0" methods="0" coveredmethods="0"/>
      </file>
    </package>
  </project>
</coverage>
