{"C:\\Users\\R\\Documents\\ProjectGit\\Calorie-Calculator\\App.js": {"path":"C:\\Users\\R\\Documents\\ProjectGit\\Calorie-Calculator\\App.js","statementMap":{"0":{"start":{"line":10,"column":28},"end":{"line":10,"column":42}},"1":{"start":{"line":11,"column":28},"end":{"line":11,"column":42}},"2":{"start":{"line":12,"column":28},"end":{"line":12,"column":42}},"3":{"start":{"line":13,"column":21},"end":{"line":13,"column":35}},"4":{"start":{"line":14,"column":42},"end":{"line":14,"column":56}},"5":{"start":{"line":15,"column":27},"end":{"line":20,"column":4}},"6":{"start":{"line":21,"column":19},"end":{"line":37,"column":3}},"7":{"start":{"line":23,"column":4},"end":{"line":27,"column":5}},"8":{"start":{"line":24,"column":6},"end":{"line":24,"column":71}},"9":{"start":{"line":26,"column":6},"end":{"line":26,"column":67}},"10":{"start":{"line":28,"column":32},"end":{"line":28,"column":55}},"11":{"start":{"line":29,"column":27},"end":{"line":29,"column":52}},"12":{"start":{"line":30,"column":27},"end":{"line":30,"column":52}},"13":{"start":{"line":31,"column":4},"end":{"line":36,"column":6}},"14":{"start":{"line":38,"column":2},"end":{"line":46,"column":4}},"15":{"start":{"line":49,"column":15},"end":{"line":64,"column":2}}},"fnMap":{"0":{"name":"App","decl":{"start":{"line":9,"column":24},"end":{"line":9,"column":27}},"loc":{"start":{"line":9,"column":30},"end":{"line":47,"column":1}},"line":9},"1":{"name":"(anonymous_1)","decl":{"start":{"line":21,"column":19},"end":{"line":21,"column":20}},"loc":{"start":{"line":21,"column":23},"end":{"line":37,"column":3}},"line":21}},"branchMap":{"0":{"loc":{"start":{"line":23,"column":4},"end":{"line":27,"column":5}},"type":"if","locations":[{"start":{"line":23,"column":4},"end":{"line":27,"column":5}},{"start":{"line":23,"column":4},"end":{"line":27,"column":5}}],"line":23}},"s":{"0":0,"1":0,"2":0,"3":0,"4":0,"5":0,"6":0,"7":0,"8":0,"9":0,"10":0,"11":0,"12":0,"13":0,"14":0,"15":0},"f":{"0":0,"1":0},"b":{"0":[0,0]}}
,"C:\\Users\\R\\Documents\\ProjectGit\\Calorie-Calculator\\app\\src\\components\\Footer.js": {"path":"C:\\Users\\R\\Documents\\ProjectGit\\Calorie-Calculator\\app\\src\\components\\Footer.js","statementMap":{"0":{"start":{"line":6,"column":23},"end":{"line":6,"column":28}},"1":{"start":{"line":7,"column":4},"end":{"line":13,"column":5}},"2":{"start":{"line":16,"column":15},"end":{"line":39,"column":2}}},"fnMap":{"0":{"name":"Footer","decl":{"start":{"line":5,"column":24},"end":{"line":5,"column":30}},"loc":{"start":{"line":5,"column":38},"end":{"line":14,"column":1}},"line":5}},"branchMap":{},"s":{"0":0,"1":0,"2":0},"f":{"0":0},"b":{}}
,"C:\\Users\\R\\Documents\\ProjectGit\\Calorie-Calculator\\app\\src\\components\\Form.js": {"path":"C:\\Users\\R\\Documents\\ProjectGit\\Calorie-Calculator\\app\\src\\components\\Form.js","statementMap":{"0":{"start":{"line":9,"column":4},"end":{"line":9,"column":32}},"1":{"start":{"line":10,"column":68},"end":{"line":10,"column":73}},"2":{"start":{"line":11,"column":17},"end":{"line":18,"column":5}},"3":{"start":{"line":19,"column":4},"end":{"line":84,"column":5}},"4":{"start":{"line":28,"column":40},"end":{"line":28,"column":52}},"5":{"start":{"line":52,"column":37},"end":{"line":52,"column":66}},"6":{"start":{"line":59,"column":37},"end":{"line":59,"column":66}},"7":{"start":{"line":66,"column":37},"end":{"line":66,"column":63}},"8":{"start":{"line":71,"column":42},"end":{"line":71,"column":65}},"9":{"start":{"line":87,"column":15},"end":{"line":124,"column":2}},"10":{"start":{"line":125,"column":20},"end":{"line":146,"column":1}}},"fnMap":{"0":{"name":"Form","decl":{"start":{"line":8,"column":24},"end":{"line":8,"column":28}},"loc":{"start":{"line":8,"column":36},"end":{"line":85,"column":1}},"line":8},"1":{"name":"(anonymous_1)","decl":{"start":{"line":28,"column":33},"end":{"line":28,"column":34}},"loc":{"start":{"line":28,"column":40},"end":{"line":28,"column":52}},"line":28},"2":{"name":"(anonymous_2)","decl":{"start":{"line":52,"column":30},"end":{"line":52,"column":31}},"loc":{"start":{"line":52,"column":37},"end":{"line":52,"column":66}},"line":52},"3":{"name":"(anonymous_3)","decl":{"start":{"line":59,"column":30},"end":{"line":59,"column":31}},"loc":{"start":{"line":59,"column":37},"end":{"line":59,"column":66}},"line":59},"4":{"name":"(anonymous_4)","decl":{"start":{"line":66,"column":30},"end":{"line":66,"column":31}},"loc":{"start":{"line":66,"column":37},"end":{"line":66,"column":63}},"line":66},"5":{"name":"(anonymous_5)","decl":{"start":{"line":71,"column":31},"end":{"line":71,"column":32}},"loc":{"start":{"line":71,"column":42},"end":{"line":71,"column":65}},"line":71}},"branchMap":{},"s":{"0":0,"1":0,"2":0,"3":0,"4":0,"5":0,"6":0,"7":0,"8":0,"9":0,"10":0},"f":{"0":0,"1":0,"2":0,"3":0,"4":0,"5":0},"b":{}}
,"C:\\Users\\R\\Documents\\ProjectGit\\Calorie-Calculator\\app\\src\\components\\Result.js": {"path":"C:\\Users\\R\\Documents\\ProjectGit\\Calorie-Calculator\\app\\src\\components\\Result.js","statementMap":{"0":{"start":{"line":4,"column":18},"end":{"line":6,"column":1}},"1":{"start":{"line":5,"column":4},"end":{"line":5,"column":37}},"2":{"start":{"line":9,"column":24},"end":{"line":9,"column":29}},"3":{"start":{"line":10,"column":4},"end":{"line":34,"column":6}},"4":{"start":{"line":37,"column":15},"end":{"line":73,"column":2}}},"fnMap":{"0":{"name":"(anonymous_0)","decl":{"start":{"line":4,"column":18},"end":{"line":4,"column":19}},"loc":{"start":{"line":5,"column":4},"end":{"line":5,"column":37}},"line":5},"1":{"name":"Result","decl":{"start":{"line":8,"column":24},"end":{"line":8,"column":30}},"loc":{"start":{"line":8,"column":38},"end":{"line":35,"column":1}},"line":8}},"branchMap":{"0":{"loc":{"start":{"line":15,"column":45},"end":{"line":15,"column":113}},"type":"cond-expr","locations":[{"start":{"line":15,"column":73},"end":{"line":15,"column":108}},{"start":{"line":15,"column":110},"end":{"line":15,"column":113}}],"line":15},"1":{"loc":{"start":{"line":20,"column":46},"end":{"line":20,"column":140}},"type":"cond-expr","locations":[{"start":{"line":20,"column":87},"end":{"line":20,"column":135}},{"start":{"line":20,"column":137},"end":{"line":20,"column":140}}],"line":20},"2":{"loc":{"start":{"line":25,"column":46},"end":{"line":25,"column":120}},"type":"cond-expr","locations":[{"start":{"line":25,"column":77},"end":{"line":25,"column":115}},{"start":{"line":25,"column":117},"end":{"line":25,"column":120}}],"line":25},"3":{"loc":{"start":{"line":30,"column":46},"end":{"line":30,"column":120}},"type":"cond-expr","locations":[{"start":{"line":30,"column":77},"end":{"line":30,"column":115}},{"start":{"line":30,"column":117},"end":{"line":30,"column":120}}],"line":30}},"s":{"0":0,"1":0,"2":0,"3":0,"4":0},"f":{"0":0,"1":0},"b":{"0":[0,0],"1":[0,0],"2":[0,0],"3":[0,0]}}
,"C:\\Users\\R\\Documents\\ProjectGit\\Calorie-Calculator\\app\\src\\utils\\colors.js": {"path":"C:\\Users\\R\\Documents\\ProjectGit\\Calorie-Calculator\\app\\src\\utils\\colors.js","statementMap":{},"fnMap":{},"branchMap":{},"s":{},"f":{},"b":{}}
}
