TN:
SF:App.js
FN:9,App
FN:21,(anonymous_1)
FNF:2
FNH:0
FNDA:0,App
FNDA:0,(anonymous_1)
DA:10,0
DA:11,0
DA:12,0
DA:13,0
DA:14,0
DA:15,0
DA:21,0
DA:23,0
DA:24,0
DA:26,0
DA:28,0
DA:29,0
DA:30,0
DA:31,0
DA:38,0
DA:49,0
LF:16
LH:0
BRDA:23,0,0,0
BRDA:23,0,1,0
BRF:2
BRH:0
end_of_record
TN:
SF:app\src\components\Footer.js
FN:5,Footer
FNF:1
FNH:0
FNDA:0,Footer
DA:6,0
DA:7,0
DA:16,0
LF:3
LH:0
BRF:0
BRH:0
end_of_record
TN:
SF:app\src\components\Form.js
FN:8,Form
FN:28,(anonymous_1)
FN:52,(anonymous_2)
FN:59,(anonymous_3)
FN:66,(anonymous_4)
FN:71,(anonymous_5)
FNF:6
FNH:0
FNDA:0,Form
FNDA:0,(anonymous_1)
FNDA:0,(anonymous_2)
FNDA:0,(anonymous_3)
FNDA:0,(anonymous_4)
FNDA:0,(anonymous_5)
DA:9,0
DA:10,0
DA:11,0
DA:19,0
DA:28,0
DA:52,0
DA:59,0
DA:66,0
DA:71,0
DA:87,0
DA:125,0
LF:11
LH:0
BRF:0
BRH:0
end_of_record
TN:
SF:app\src\components\Result.js
FN:4,(anonymous_0)
FN:8,Result
FNF:2
FNH:0
FNDA:0,(anonymous_0)
FNDA:0,Result
DA:4,0
DA:5,0
DA:9,0
DA:10,0
DA:37,0
LF:5
LH:0
BRDA:15,0,0,0
BRDA:15,0,1,0
BRDA:20,1,0,0
BRDA:20,1,1,0
BRDA:25,2,0,0
BRDA:25,2,1,0
BRDA:30,3,0,0
BRDA:30,3,1,0
BRF:8
BRH:0
end_of_record
TN:
SF:app\src\utils\colors.js
FNF:0
FNH:0
LF:0
LH:0
BRF:0
BRH:0
end_of_record
